<?xml version="1.0" encoding="UTF-8"?>
<!-- Generated by org.testng.reporters.JUnitReportReporter -->
<testsuite hostname="DESKTOP-KNODTNC" name="PracticesBYTestNG.ParallelExecution" tests="5" failures="0" timestamp="22 Aug 2020 11:32:16 GMT" time="177.348" errors="0">
  <testcase name="test5" time="20.503" classname="PracticesBYTestNG.ParallelExecution"/>
  <testcase name="test2" time="15.479" classname="PracticesBYTestNG.ParallelExecution"/>
  <testcase name="test1" time="52.334" classname="PracticesBYTestNG.ParallelExecution"/>
  <testcase name="test4" time="36.689" classname="PracticesBYTestNG.ParallelExecution"/>
  <testcase name="test3" time="52.343" classname="PracticesBYTestNG.ParallelExecution"/>
</testsuite> <!-- PracticesBYTestNG.ParallelExecution -->
